{"/Users/andrewprasetya/Desktop/piko/lib/general.ts": {"path":"/Users/andrewprasetya/Desktop/piko/lib/general.ts","statementMap":{"0":{"start":{"line":1,"column":0},"end":{"line":1,"column":null}},"1":{"start":{"line":7,"column":2},"end":{"line":7,"column":67}},"2":{"start":{"line":7,"column":27},"end":{"line":7,"column":66}},"3":{"start":{"line":7,"column":55},"end":{"line":7,"column":59}},"4":{"start":{"line":6,"column":0},"end":{"line":6,"column":16}},"5":{"start":{"line":13,"column":2},"end":{"line":13,"column":62}},"6":{"start":{"line":13,"column":27},"end":{"line":13,"column":61}},"7":{"start":{"line":13,"column":50},"end":{"line":13,"column":54}},"8":{"start":{"line":12,"column":0},"end":{"line":12,"column":16}},"9":{"start":{"line":18,"column":2},"end":{"line":18,"column":62}},"10":{"start":{"line":18,"column":27},"end":{"line":18,"column":61}},"11":{"start":{"line":18,"column":50},"end":{"line":18,"column":54}},"12":{"start":{"line":17,"column":0},"end":{"line":17,"column":16}},"13":{"start":{"line":22,"column":2},"end":{"line":26,"column":null}},"14":{"start":{"line":23,"column":4},"end":{"line":25,"column":36}},"15":{"start":{"line":21,"column":0},"end":{"line":21,"column":16}},"16":{"start":{"line":30,"column":2},"end":{"line":30,"column":52}},"17":{"start":{"line":30,"column":27},"end":{"line":30,"column":51}},"18":{"start":{"line":29,"column":0},"end":{"line":29,"column":16}},"19":{"start":{"line":43,"column":14},"end":{"line":43,"column":35}},"20":{"start":{"line":45,"column":2},"end":{"line":51,"column":null}},"21":{"start":{"line":46,"column":22},"end":{"line":46,"column":53}},"22":{"start":{"line":48,"column":4},"end":{"line":50,"column":38}},"23":{"start":{"line":53,"column":2},"end":{"line":53,"column":22}},"24":{"start":{"line":42,"column":0},"end":{"line":42,"column":16}},"25":{"start":{"line":64,"column":14},"end":{"line":64,"column":16}},"26":{"start":{"line":66,"column":2},"end":{"line":74,"column":4}},"27":{"start":{"line":67,"column":4},"end":{"line":67,"column":12}},"28":{"start":{"line":69,"column":4},"end":{"line":71,"column":null}},"29":{"start":{"line":70,"column":6},"end":{"line":70,"column":16}},"30":{"start":{"line":73,"column":4},"end":{"line":73,"column":24}},"31":{"start":{"line":63,"column":0},"end":{"line":63,"column":16}},"32":{"start":{"line":95,"column":16},"end":{"line":95,"column":37}},"33":{"start":{"line":97,"column":2},"end":{"line":104,"column":4}},"34":{"start":{"line":98,"column":4},"end":{"line":98,"column":26}},"35":{"start":{"line":100,"column":4},"end":{"line":103,"column":6}},"36":{"start":{"line":101,"column":12},"end":{"line":101,"column":39}},"37":{"start":{"line":92,"column":0},"end":{"line":92,"column":16}},"38":{"start":{"line":108,"column":2},"end":{"line":116,"column":5}},"39":{"start":{"line":109,"column":4},"end":{"line":115,"column":6}},"40":{"start":{"line":111,"column":8},"end":{"line":111,"column":19}},"41":{"start":{"line":112,"column":8},"end":{"line":112,"column":18}},"42":{"start":{"line":107,"column":0},"end":{"line":107,"column":16}},"43":{"start":{"line":120,"column":20},"end":{"line":120,"column":49}},"44":{"start":{"line":122,"column":2},"end":{"line":126,"column":5}},"45":{"start":{"line":123,"column":4},"end":{"line":125,"column":null}},"46":{"start":{"line":124,"column":6},"end":{"line":124,"column":25}},"47":{"start":{"line":128,"column":2},"end":{"line":128,"column":19}},"48":{"start":{"line":119,"column":0},"end":{"line":119,"column":16}},"49":{"start":{"line":133,"column":2},"end":{"line":133,"column":56}},"50":{"start":{"line":133,"column":41},"end":{"line":133,"column":53}},"51":{"start":{"line":132,"column":0},"end":{"line":132,"column":16}},"52":{"start":{"line":137,"column":2},"end":{"line":137,"column":60}},"53":{"start":{"line":136,"column":0},"end":{"line":136,"column":16}},"54":{"start":{"line":141,"column":2},"end":{"line":141,"column":55}},"55":{"start":{"line":140,"column":0},"end":{"line":140,"column":16}},"56":{"start":{"line":145,"column":2},"end":{"line":147,"column":null}},"57":{"start":{"line":146,"column":4},"end":{"line":146,"column":17}},"58":{"start":{"line":149,"column":20},"end":{"line":153,"column":null}},"59":{"start":{"line":150,"column":7},"end":{"line":153,"column":39}},"60":{"start":{"line":156,"column":2},"end":{"line":162,"column":4}},"61":{"start":{"line":156,"column":15},"end":{"line":156,"column":16}},"62":{"start":{"line":157,"column":18},"end":{"line":157,"column":27}},"63":{"start":{"line":159,"column":4},"end":{"line":161,"column":null}},"64":{"start":{"line":160,"column":6},"end":{"line":160,"column":19}},"65":{"start":{"line":164,"column":2},"end":{"line":164,"column":14}},"66":{"start":{"line":144,"column":0},"end":{"line":144,"column":16}},"67":{"start":{"line":168,"column":2},"end":{"line":180,"column":null}},"68":{"start":{"line":169,"column":16},"end":{"line":169,"column":36}},"69":{"start":{"line":171,"column":4},"end":{"line":173,"column":null}},"70":{"start":{"line":172,"column":6},"end":{"line":172,"column":28}},"71":{"start":{"line":175,"column":18},"end":{"line":175,"column":31}},"72":{"start":{"line":177,"column":4},"end":{"line":177,"column":26}},"73":{"start":{"line":179,"column":4},"end":{"line":179,"column":17}},"74":{"start":{"line":167,"column":0},"end":{"line":167,"column":16}},"75":{"start":{"line":184,"column":2},"end":{"line":198,"column":5}},"76":{"start":{"line":185,"column":23},"end":{"line":185,"column":25}},"77":{"start":{"line":187,"column":17},"end":{"line":195,"column":5}},"78":{"start":{"line":188,"column":6},"end":{"line":188,"column":21}},"79":{"start":{"line":190,"column":6},"end":{"line":194,"column":20}},"80":{"start":{"line":192,"column":24},"end":{"line":192,"column":30}},"81":{"start":{"line":193,"column":28},"end":{"line":193,"column":41}},"82":{"start":{"line":197,"column":4},"end":{"line":197,"column":11}},"83":{"start":{"line":183,"column":0},"end":{"line":183,"column":16}},"84":{"start":{"line":202,"column":2},"end":{"line":204,"column":null}},"85":{"start":{"line":203,"column":4},"end":{"line":203,"column":29}},"86":{"start":{"line":206,"column":2},"end":{"line":211,"column":4}},"87":{"start":{"line":208,"column":6},"end":{"line":208,"column":40}},"88":{"start":{"line":208,"column":26},"end":{"line":208,"column":39}},"89":{"start":{"line":201,"column":0},"end":{"line":201,"column":16}},"90":{"start":{"line":215,"column":2},"end":{"line":215,"column":58}},"91":{"start":{"line":214,"column":0},"end":{"line":214,"column":16}},"92":{"start":{"line":219,"column":2},"end":{"line":219,"column":83}},"93":{"start":{"line":219,"column":32},"end":{"line":219,"column":81}},"94":{"start":{"line":219,"column":49},"end":{"line":219,"column":58}},"95":{"start":{"line":218,"column":0},"end":{"line":218,"column":16}},"96":{"start":{"line":226,"column":20},"end":{"line":226,"column":45}},"97":{"start":{"line":228,"column":2},"end":{"line":246,"column":4}},"98":{"start":{"line":229,"column":16},"end":{"line":229,"column":26}},"99":{"start":{"line":231,"column":4},"end":{"line":245,"column":null}},"100":{"start":{"line":232,"column":6},"end":{"line":232,"column":28}},"101":{"start":{"line":234,"column":6},"end":{"line":240,"column":8}},"102":{"start":{"line":236,"column":10},"end":{"line":236,"column":21}},"103":{"start":{"line":237,"column":10},"end":{"line":237,"column":38}},"104":{"start":{"line":242,"column":6},"end":{"line":242,"column":17}},"105":{"start":{"line":244,"column":6},"end":{"line":244,"column":34}},"106":{"start":{"line":222,"column":0},"end":{"line":222,"column":16}},"107":{"start":{"line":250,"column":15},"end":{"line":250,"column":19}},"108":{"start":{"line":252,"column":2},"end":{"line":257,"column":null}},"109":{"start":{"line":252,"column":15},"end":{"line":252,"column":16}},"110":{"start":{"line":253,"column":4},"end":{"line":256,"column":null}},"111":{"start":{"line":254,"column":6},"end":{"line":254,"column":21}},"112":{"start":{"line":255,"column":6},"end":{"line":255,"column":12}},"113":{"start":{"line":259,"column":2},"end":{"line":259,"column":16}},"114":{"start":{"line":249,"column":0},"end":{"line":249,"column":16}}},"fnMap":{"0":{"name":"compose","decl":{"start":{"line":6,"column":16},"end":{"line":6,"column":23}},"loc":{"start":{"line":6,"column":53},"end":{"line":8,"column":1}}},"1":{"name":"(anonymous_1)","decl":{"start":{"line":7,"column":9},"end":{"line":7,"column":10}},"loc":{"start":{"line":7,"column":27},"end":{"line":7,"column":66}}},"2":{"name":"(anonymous_2)","decl":{"start":{"line":7,"column":45},"end":{"line":7,"column":46}},"loc":{"start":{"line":7,"column":55},"end":{"line":7,"column":59}}},"3":{"name":"composeRight","decl":{"start":{"line":12,"column":16},"end":{"line":12,"column":28}},"loc":{"start":{"line":12,"column":58},"end":{"line":14,"column":1}}},"4":{"name":"(anonymous_4)","decl":{"start":{"line":13,"column":9},"end":{"line":13,"column":10}},"loc":{"start":{"line":13,"column":27},"end":{"line":13,"column":61}}},"5":{"name":"(anonymous_5)","decl":{"start":{"line":13,"column":40},"end":{"line":13,"column":41}},"loc":{"start":{"line":13,"column":50},"end":{"line":13,"column":54}}},"6":{"name":"pipe","decl":{"start":{"line":17,"column":16},"end":{"line":17,"column":20}},"loc":{"start":{"line":17,"column":50},"end":{"line":19,"column":1}}},"7":{"name":"(anonymous_7)","decl":{"start":{"line":18,"column":9},"end":{"line":18,"column":10}},"loc":{"start":{"line":18,"column":27},"end":{"line":18,"column":61}}},"8":{"name":"(anonymous_8)","decl":{"start":{"line":18,"column":40},"end":{"line":18,"column":41}},"loc":{"start":{"line":18,"column":50},"end":{"line":18,"column":54}}},"9":{"name":"curry","decl":{"start":{"line":21,"column":16},"end":{"line":21,"column":21}},"loc":{"start":{"line":21,"column":45},"end":{"line":27,"column":1}}},"10":{"name":"currify","decl":{"start":{"line":22,"column":18},"end":{"line":22,"column":25}},"loc":{"start":{"line":22,"column":38},"end":{"line":26,"column":3}}},"11":{"name":"unary","decl":{"start":{"line":29,"column":16},"end":{"line":29,"column":21}},"loc":{"start":{"line":29,"column":45},"end":{"line":31,"column":1}}},"12":{"name":"(anonymous_12)","decl":{"start":{"line":30,"column":9},"end":{"line":30,"column":10}},"loc":{"start":{"line":30,"column":27},"end":{"line":30,"column":51}}},"13":{"name":"cycleArray","decl":{"start":{"line":42,"column":16},"end":{"line":42,"column":26}},"loc":{"start":{"line":42,"column":56},"end":{"line":54,"column":1}}},"14":{"name":"cycleArrayNext","decl":{"start":{"line":63,"column":16},"end":{"line":63,"column":30}},"loc":{"start":{"line":63,"column":44},"end":{"line":75,"column":1}}},"15":{"name":"(anonymous_15)","decl":{"start":{"line":66,"column":9},"end":{"line":66,"column":12}},"loc":{"start":{"line":66,"column":14},"end":{"line":74,"column":3}}},"16":{"name":"debounce","decl":{"start":{"line":92,"column":16},"end":{"line":92,"column":24}},"loc":{"start":{"line":92,"column":63},"end":{"line":105,"column":1}}},"17":{"name":"(anonymous_17)","decl":{"start":{"line":97,"column":9},"end":{"line":97,"column":12}},"loc":{"start":{"line":97,"column":14},"end":{"line":104,"column":3}}},"18":{"name":"(anonymous_18)","decl":{"start":{"line":101,"column":6},"end":{"line":101,"column":9}},"loc":{"start":{"line":101,"column":12},"end":{"line":101,"column":39}}},"19":{"name":"delay","decl":{"start":{"line":107,"column":16},"end":{"line":107,"column":21}},"loc":{"start":{"line":107,"column":64},"end":{"line":117,"column":1}}},"20":{"name":"(anonymous_20)","decl":{"start":{"line":108,"column":21},"end":{"line":108,"column":28}},"loc":{"start":{"line":108,"column":31},"end":{"line":116,"column":3}}},"21":{"name":"(anonymous_21)","decl":{"start":{"line":110,"column":6},"end":{"line":110,"column":9}},"loc":{"start":{"line":110,"column":11},"end":{"line":113,"column":7}}},"22":{"name":"fillArraysToLargestLength","decl":{"start":{"line":119,"column":16},"end":{"line":119,"column":41}},"loc":{"start":{"line":119,"column":81},"end":{"line":129,"column":1}}},"23":{"name":"(anonymous_23)","decl":{"start":{"line":122,"column":17},"end":{"line":122,"column":22}},"loc":{"start":{"line":122,"column":25},"end":{"line":126,"column":3}}},"24":{"name":"getMinArraysLength","decl":{"start":{"line":132,"column":16},"end":{"line":132,"column":34}},"loc":{"start":{"line":132,"column":57},"end":{"line":134,"column":1}}},"25":{"name":"(anonymous_25)","decl":{"start":{"line":133,"column":32},"end":{"line":133,"column":37}},"loc":{"start":{"line":133,"column":41},"end":{"line":133,"column":53}}},"26":{"name":"isEmptyObject","decl":{"start":{"line":136,"column":16},"end":{"line":136,"column":29}},"loc":{"start":{"line":136,"column":41},"end":{"line":138,"column":1}}},"27":{"name":"isObject","decl":{"start":{"line":140,"column":16},"end":{"line":140,"column":24}},"loc":{"start":{"line":140,"column":36},"end":{"line":142,"column":1}}},"28":{"name":"isPromise","decl":{"start":{"line":144,"column":16},"end":{"line":144,"column":25}},"loc":{"start":{"line":144,"column":42},"end":{"line":165,"column":1}}},"29":{"name":"(anonymous_29)","decl":{"start":{"line":149,"column":20},"end":{"line":149,"column":24}},"loc":{"start":{"line":150,"column":7},"end":{"line":153,"column":39}}},"30":{"name":"memo","decl":{"start":{"line":167,"column":16},"end":{"line":167,"column":20}},"loc":{"start":{"line":167,"column":61},"end":{"line":181,"column":1}}},"31":{"name":"(anonymous_31)","decl":{"start":{"line":168,"column":9},"end":{"line":168,"column":10}},"loc":{"start":{"line":168,"column":21},"end":{"line":180,"column":3}}},"32":{"name":"promiseChain","decl":{"start":{"line":183,"column":16},"end":{"line":183,"column":28}},"loc":{"start":{"line":183,"column":62},"end":{"line":199,"column":1}}},"33":{"name":"(anonymous_33)","decl":{"start":{"line":184,"column":21},"end":{"line":184,"column":22}},"loc":{"start":{"line":184,"column":41},"end":{"line":198,"column":3}}},"34":{"name":"(anonymous_34)","decl":{"start":{"line":187,"column":17},"end":{"line":187,"column":20}},"loc":{"start":{"line":187,"column":22},"end":{"line":195,"column":5}}},"35":{"name":"(anonymous_35)","decl":{"start":{"line":192,"column":18},"end":{"line":192,"column":21}},"loc":{"start":{"line":192,"column":24},"end":{"line":192,"column":30}}},"36":{"name":"(anonymous_36)","decl":{"start":{"line":193,"column":19},"end":{"line":193,"column":24}},"loc":{"start":{"line":193,"column":28},"end":{"line":193,"column":41}}},"37":{"name":"promiseEach","decl":{"start":{"line":201,"column":16},"end":{"line":201,"column":27}},"loc":{"start":{"line":201,"column":76},"end":{"line":212,"column":1}}},"38":{"name":"(anonymous_38)","decl":{"start":{"line":207,"column":4},"end":{"line":207,"column":5}},"loc":{"start":{"line":208,"column":6},"end":{"line":208,"column":40}}},"39":{"name":"(anonymous_39)","decl":{"start":{"line":208,"column":20},"end":{"line":208,"column":23}},"loc":{"start":{"line":208,"column":26},"end":{"line":208,"column":39}}},"40":{"name":"randomChoice","decl":{"start":{"line":214,"column":16},"end":{"line":214,"column":28}},"loc":{"start":{"line":214,"column":47},"end":{"line":216,"column":1}}},"41":{"name":"sleep","decl":{"start":{"line":218,"column":16},"end":{"line":218,"column":21}},"loc":{"start":{"line":218,"column":43},"end":{"line":220,"column":1}}},"42":{"name":"(anonymous_42)","decl":{"start":{"line":219,"column":21},"end":{"line":219,"column":28}},"loc":{"start":{"line":219,"column":32},"end":{"line":219,"column":81}}},"43":{"name":"(anonymous_43)","decl":{"start":{"line":219,"column":43},"end":{"line":219,"column":46}},"loc":{"start":{"line":219,"column":49},"end":{"line":219,"column":58}}},"44":{"name":"throttle","decl":{"start":{"line":222,"column":16},"end":{"line":222,"column":24}},"loc":{"start":{"line":222,"column":67},"end":{"line":247,"column":1}}},"45":{"name":"(anonymous_45)","decl":{"start":{"line":228,"column":9},"end":{"line":228,"column":null}},"loc":{"start":{"line":228,"column":9},"end":{"line":246,"column":3}}},"46":{"name":"(anonymous_46)","decl":{"start":{"line":235,"column":8},"end":{"line":235,"column":11}},"loc":{"start":{"line":235,"column":13},"end":{"line":238,"column":9}}},"47":{"name":"truthChain","decl":{"start":{"line":249,"column":16},"end":{"line":249,"column":26}},"loc":{"start":{"line":249,"column":54},"end":{"line":260,"column":1}}}},"branchMap":{"0":{"loc":{"start":{"line":24,"column":8},"end":{"line":24,"column":30}},"type":"cond-expr","locations":[{"start":{"line":24,"column":8},"end":{"line":24,"column":30}},{"start":{"line":25,"column":8},"end":{"line":25,"column":35}}]},"1":{"loc":{"start":{"line":45,"column":2},"end":{"line":51,"column":null}},"type":"if","locations":[{"start":{"line":45,"column":2},"end":{"line":51,"column":null}},{"start":{"line":45,"column":2},"end":{"line":51,"column":null}}]},"2":{"loc":{"start":{"line":49,"column":8},"end":{"line":49,"column":9}},"type":"cond-expr","locations":[{"start":{"line":49,"column":8},"end":{"line":49,"column":9}},{"start":{"line":50,"column":8},"end":{"line":50,"column":37}}]},"3":{"loc":{"start":{"line":69,"column":4},"end":{"line":71,"column":null}},"type":"if","locations":[{"start":{"line":69,"column":4},"end":{"line":71,"column":null}},{"start":{"line":69,"column":4},"end":{"line":71,"column":null}}]},"4":{"loc":{"start":{"line":137,"column":9},"end":{"line":137,"column":25}},"type":"binary-expr","locations":[{"start":{"line":137,"column":9},"end":{"line":137,"column":25}},{"start":{"line":137,"column":29},"end":{"line":137,"column":59}}]},"5":{"loc":{"start":{"line":141,"column":9},"end":{"line":141,"column":24}},"type":"binary-expr","locations":[{"start":{"line":141,"column":9},"end":{"line":141,"column":24}},{"start":{"line":141,"column":28},"end":{"line":141,"column":54}}]},"6":{"loc":{"start":{"line":145,"column":2},"end":{"line":147,"column":null}},"type":"if","locations":[{"start":{"line":145,"column":2},"end":{"line":147,"column":null}},{"start":{"line":145,"column":2},"end":{"line":147,"column":null}}]},"7":{"loc":{"start":{"line":150,"column":7},"end":{"line":150,"column":32}},"type":"binary-expr","locations":[{"start":{"line":150,"column":7},"end":{"line":150,"column":32}},{"start":{"line":151,"column":7},"end":{"line":151,"column":39}},{"start":{"line":152,"column":7},"end":{"line":152,"column":31}},{"start":{"line":153,"column":7},"end":{"line":153,"column":39}}]},"8":{"loc":{"start":{"line":159,"column":4},"end":{"line":161,"column":null}},"type":"if","locations":[{"start":{"line":159,"column":4},"end":{"line":161,"column":null}},{"start":{"line":159,"column":4},"end":{"line":161,"column":null}}]},"9":{"loc":{"start":{"line":171,"column":4},"end":{"line":173,"column":null}},"type":"if","locations":[{"start":{"line":171,"column":4},"end":{"line":173,"column":null}},{"start":{"line":171,"column":4},"end":{"line":173,"column":null}}]},"10":{"loc":{"start":{"line":191,"column":10},"end":{"line":193,"column":42}},"type":"cond-expr","locations":[{"start":{"line":191,"column":10},"end":{"line":193,"column":42}},{"start":{"line":194,"column":10},"end":{"line":194,"column":19}}]},"11":{"loc":{"start":{"line":202,"column":2},"end":{"line":204,"column":null}},"type":"if","locations":[{"start":{"line":202,"column":2},"end":{"line":204,"column":null}},{"start":{"line":202,"column":2},"end":{"line":204,"column":null}}]},"12":{"loc":{"start":{"line":231,"column":4},"end":{"line":245,"column":null}},"type":"if","locations":[{"start":{"line":231,"column":4},"end":{"line":245,"column":null}},{"start":{"line":231,"column":4},"end":{"line":245,"column":null}}]},"13":{"loc":{"start":{"line":231,"column":8},"end":{"line":231,"column":32}},"type":"binary-expr","locations":[{"start":{"line":231,"column":8},"end":{"line":231,"column":32}},{"start":{"line":231,"column":36},"end":{"line":231,"column":58}}]},"14":{"loc":{"start":{"line":253,"column":4},"end":{"line":256,"column":null}},"type":"if","locations":[{"start":{"line":253,"column":4},"end":{"line":256,"column":null}},{"start":{"line":253,"column":4},"end":{"line":256,"column":null}}]}},"s":{"0":3,"1":2,"2":2,"3":4,"4":3,"5":2,"6":2,"7":4,"8":3,"9":2,"10":2,"11":4,"12":3,"13":1,"14":4,"15":3,"16":1,"17":1,"18":3,"19":5,"20":5,"21":1,"22":1,"23":5,"24":3,"25":0,"26":0,"27":0,"28":0,"29":0,"30":0,"31":3,"32":0,"33":0,"34":0,"35":0,"36":0,"37":3,"38":0,"39":0,"40":0,"41":0,"42":3,"43":0,"44":0,"45":0,"46":0,"47":0,"48":3,"49":0,"50":0,"51":3,"52":0,"53":3,"54":0,"55":3,"56":0,"57":0,"58":0,"59":0,"60":0,"61":0,"62":0,"63":0,"64":0,"65":0,"66":3,"67":0,"68":0,"69":0,"70":0,"71":0,"72":0,"73":0,"74":3,"75":0,"76":0,"77":0,"78":0,"79":0,"80":0,"81":0,"82":0,"83":3,"84":0,"85":0,"86":0,"87":0,"88":0,"89":3,"90":0,"91":3,"92":0,"93":0,"94":0,"95":3,"96":0,"97":0,"98":0,"99":0,"100":0,"101":0,"102":0,"103":0,"104":0,"105":0,"106":3,"107":0,"108":0,"109":0,"110":0,"111":0,"112":0,"113":0,"114":3},"f":{"0":2,"1":2,"2":4,"3":2,"4":2,"5":4,"6":2,"7":2,"8":4,"9":1,"10":4,"11":1,"12":1,"13":5,"14":0,"15":0,"16":0,"17":0,"18":0,"19":0,"20":0,"21":0,"22":0,"23":0,"24":0,"25":0,"26":0,"27":0,"28":0,"29":0,"30":0,"31":0,"32":0,"33":0,"34":0,"35":0,"36":0,"37":0,"38":0,"39":0,"40":0,"41":0,"42":0,"43":0,"44":0,"45":0,"46":0,"47":0},"b":{"0":[1,3],"1":[1,4],"2":[0,1],"3":[0,0],"4":[0,0],"5":[0,0],"6":[0,0],"7":[0,0,0,0],"8":[0,0],"9":[0,0],"10":[0,0],"11":[0,0],"12":[0,0],"13":[0,0],"14":[0,0]}}
,"/Users/andrewprasetya/Desktop/piko/lib/number.ts": {"path":"/Users/andrewprasetya/Desktop/piko/lib/number.ts","statementMap":{"0":{"start":{"line":6,"column":0},"end":{"line":6,"column":null}},"1":{"start":{"line":15,"column":20},"end":{"line":15,"column":41}},"2":{"start":{"line":16,"column":20},"end":{"line":16,"column":38}},"3":{"start":{"line":17,"column":20},"end":{"line":17,"column":35}},"4":{"start":{"line":18,"column":20},"end":{"line":18,"column":56}},"5":{"start":{"line":19,"column":17},"end":{"line":21,"column":24}},"6":{"start":{"line":22,"column":2},"end":{"line":22,"column":23}},"7":{"start":{"line":10,"column":0},"end":{"line":10,"column":16}},"8":{"start":{"line":26,"column":2},"end":{"line":28,"column":null}},"9":{"start":{"line":27,"column":4},"end":{"line":27,"column":67}},"10":{"start":{"line":30,"column":2},"end":{"line":30,"column":40}},"11":{"start":{"line":25,"column":0},"end":{"line":25,"column":16}},"12":{"start":{"line":38,"column":2},"end":{"line":44,"column":null}},"13":{"start":{"line":39,"column":4},"end":{"line":39,"column":36}},"14":{"start":{"line":40,"column":9},"end":{"line":44,"column":null}},"15":{"start":{"line":41,"column":4},"end":{"line":41,"column":41}},"16":{"start":{"line":43,"column":4},"end":{"line":43,"column":17}},"17":{"start":{"line":46,"column":19},"end":{"line":46,"column":41}},"18":{"start":{"line":48,"column":2},"end":{"line":48,"column":45}},"19":{"start":{"line":35,"column":0},"end":{"line":35,"column":16}},"20":{"start":{"line":52,"column":18},"end":{"line":52,"column":51}},"21":{"start":{"line":54,"column":2},"end":{"line":54,"column":47}},"22":{"start":{"line":51,"column":0},"end":{"line":51,"column":16}},"23":{"start":{"line":58,"column":2},"end":{"line":63,"column":4}},"24":{"start":{"line":57,"column":0},"end":{"line":57,"column":16}},"25":{"start":{"line":70,"column":17},"end":{"line":70,"column":49}},"26":{"start":{"line":71,"column":21},"end":{"line":71,"column":44}},"27":{"start":{"line":73,"column":2},"end":{"line":75,"column":null}},"28":{"start":{"line":74,"column":4},"end":{"line":74,"column":13}},"29":{"start":{"line":77,"column":13},"end":{"line":77,"column":43}},"30":{"start":{"line":79,"column":2},"end":{"line":91,"column":null}},"31":{"start":{"line":80,"column":13},"end":{"line":80,"column":45}},"32":{"start":{"line":82,"column":12},"end":{"line":82,"column":27}},"33":{"start":{"line":84,"column":4},"end":{"line":84,"column":31}},"34":{"start":{"line":85,"column":9},"end":{"line":91,"column":null}},"35":{"start":{"line":86,"column":13},"end":{"line":86,"column":45}},"36":{"start":{"line":88,"column":12},"end":{"line":88,"column":27}},"37":{"start":{"line":90,"column":4},"end":{"line":90,"column":31}},"38":{"start":{"line":93,"column":2},"end":{"line":93,"column":15}},"39":{"start":{"line":66,"column":0},"end":{"line":66,"column":16}},"40":{"start":{"line":98,"column":2},"end":{"line":100,"column":45}},"41":{"start":{"line":97,"column":0},"end":{"line":97,"column":16}},"42":{"start":{"line":104,"column":2},"end":{"line":104,"column":31}},"43":{"start":{"line":103,"column":0},"end":{"line":103,"column":16}},"44":{"start":{"line":108,"column":2},"end":{"line":110,"column":null}},"45":{"start":{"line":109,"column":4},"end":{"line":109,"column":28}},"46":{"start":{"line":112,"column":12},"end":{"line":112,"column":46}},"47":{"start":{"line":114,"column":2},"end":{"line":116,"column":null}},"48":{"start":{"line":115,"column":4},"end":{"line":115,"column":12}},"49":{"start":{"line":118,"column":14},"end":{"line":118,"column":48}},"50":{"start":{"line":119,"column":12},"end":{"line":119,"column":21}},"51":{"start":{"line":121,"column":2},"end":{"line":121,"column":36}},"52":{"start":{"line":107,"column":0},"end":{"line":107,"column":16}},"53":{"start":{"line":125,"column":2},"end":{"line":125,"column":33}},"54":{"start":{"line":124,"column":0},"end":{"line":124,"column":16}},"55":{"start":{"line":133,"column":2},"end":{"line":133,"column":43}},"56":{"start":{"line":135,"column":2},"end":{"line":139,"column":null}},"57":{"start":{"line":136,"column":4},"end":{"line":138,"column":49}},"58":{"start":{"line":141,"column":2},"end":{"line":144,"column":4}},"59":{"start":{"line":128,"column":0},"end":{"line":128,"column":16}},"60":{"start":{"line":148,"column":2},"end":{"line":150,"column":null}},"61":{"start":{"line":149,"column":4},"end":{"line":149,"column":21}},"62":{"start":{"line":152,"column":2},"end":{"line":152,"column":51}},"63":{"start":{"line":147,"column":0},"end":{"line":147,"column":16}},"64":{"start":{"line":156,"column":2},"end":{"line":156,"column":39}},"65":{"start":{"line":155,"column":0},"end":{"line":155,"column":16}},"66":{"start":{"line":160,"column":2},"end":{"line":160,"column":66}},"67":{"start":{"line":160,"column":46},"end":{"line":160,"column":64}},"68":{"start":{"line":159,"column":0},"end":{"line":159,"column":16}},"69":{"start":{"line":164,"column":20},"end":{"line":164,"column":49}},"70":{"start":{"line":166,"column":24},"end":{"line":166,"column":26}},"71":{"start":{"line":168,"column":2},"end":{"line":175,"column":null}},"72":{"start":{"line":168,"column":15},"end":{"line":168,"column":16}},"73":{"start":{"line":169,"column":4},"end":{"line":169,"column":15}},"74":{"start":{"line":170,"column":4},"end":{"line":174,"column":7}},"75":{"start":{"line":171,"column":6},"end":{"line":173,"column":null}},"76":{"start":{"line":172,"column":8},"end":{"line":172,"column":27}},"77":{"start":{"line":177,"column":2},"end":{"line":177,"column":13}},"78":{"start":{"line":163,"column":0},"end":{"line":163,"column":16}},"79":{"start":{"line":187,"column":16},"end":{"line":187,"column":47}},"80":{"start":{"line":188,"column":16},"end":{"line":188,"column":45}},"81":{"start":{"line":191,"column":17},"end":{"line":191,"column":90}},"82":{"start":{"line":193,"column":2},"end":{"line":195,"column":null}},"83":{"start":{"line":194,"column":4},"end":{"line":194,"column":30}},"84":{"start":{"line":197,"column":2},"end":{"line":197,"column":16}},"85":{"start":{"line":181,"column":0},"end":{"line":181,"column":16}},"86":{"start":{"line":221,"column":20},"end":{"line":221,"column":25}},"87":{"start":{"line":223,"column":2},"end":{"line":250,"column":null}},"88":{"start":{"line":231,"column":4},"end":{"line":233,"column":null}},"89":{"start":{"line":232,"column":6},"end":{"line":232,"column":22}},"90":{"start":{"line":235,"column":4},"end":{"line":235,"column":36}},"91":{"start":{"line":236,"column":9},"end":{"line":250,"column":null}},"92":{"start":{"line":243,"column":4},"end":{"line":245,"column":null}},"93":{"start":{"line":244,"column":6},"end":{"line":244,"column":22}},"94":{"start":{"line":247,"column":4},"end":{"line":247,"column":41}},"95":{"start":{"line":249,"column":4},"end":{"line":249,"column":54}},"96":{"start":{"line":252,"column":19},"end":{"line":252,"column":24}},"97":{"start":{"line":254,"column":2},"end":{"line":256,"column":35}},"98":{"start":{"line":213,"column":0},"end":{"line":213,"column":16}},"99":{"start":{"line":260,"column":2},"end":{"line":262,"column":27}},"100":{"start":{"line":259,"column":0},"end":{"line":259,"column":16}},"101":{"start":{"line":266,"column":2},"end":{"line":266,"column":58}},"102":{"start":{"line":265,"column":0},"end":{"line":265,"column":16}},"103":{"start":{"line":270,"column":2},"end":{"line":274,"column":4}},"104":{"start":{"line":273,"column":29},"end":{"line":273,"column":55}},"105":{"start":{"line":269,"column":0},"end":{"line":269,"column":16}},"106":{"start":{"line":278,"column":2},"end":{"line":278,"column":50}},"107":{"start":{"line":277,"column":0},"end":{"line":277,"column":16}}},"fnMap":{"0":{"name":"snapToInterval","decl":{"start":{"line":10,"column":16},"end":{"line":10,"column":30}},"loc":{"start":{"line":13,"column":20},"end":{"line":23,"column":1}}},"1":{"name":"average","decl":{"start":{"line":25,"column":16},"end":{"line":25,"column":23}},"loc":{"start":{"line":25,"column":43},"end":{"line":31,"column":1}}},"2":{"name":"clamp","decl":{"start":{"line":35,"column":16},"end":{"line":35,"column":21}},"loc":{"start":{"line":35,"column":65},"end":{"line":49,"column":1}}},"3":{"name":"countDigits","decl":{"start":{"line":51,"column":16},"end":{"line":51,"column":27}},"loc":{"start":{"line":51,"column":41},"end":{"line":55,"column":1}}},"4":{"name":"cubicBezier","decl":{"start":{"line":57,"column":16},"end":{"line":57,"column":27}},"loc":{"start":{"line":57,"column":87},"end":{"line":64,"column":1}}},"5":{"name":"cycleNumber","decl":{"start":{"line":66,"column":16},"end":{"line":66,"column":27}},"loc":{"start":{"line":68,"column":22},"end":{"line":94,"column":1}}},"6":{"name":"getEuclideanDistance","decl":{"start":{"line":97,"column":16},"end":{"line":97,"column":36}},"loc":{"start":{"line":97,"column":57},"end":{"line":101,"column":1}}},"7":{"name":"getSign","decl":{"start":{"line":103,"column":16},"end":{"line":103,"column":23}},"loc":{"start":{"line":103,"column":37},"end":{"line":105,"column":1}}},"8":{"name":"hypotenuse","decl":{"start":{"line":107,"column":16},"end":{"line":107,"column":26}},"loc":{"start":{"line":107,"column":47},"end":{"line":122,"column":1}}},"9":{"name":"lerp","decl":{"start":{"line":124,"column":16},"end":{"line":124,"column":20}},"loc":{"start":{"line":124,"column":56},"end":{"line":126,"column":1}}},"10":{"name":"randomNumber","decl":{"start":{"line":128,"column":16},"end":{"line":128,"column":28}},"loc":{"start":{"line":131,"column":19},"end":{"line":145,"column":1}}},"11":{"name":"reciprocal","decl":{"start":{"line":147,"column":16},"end":{"line":147,"column":26}},"loc":{"start":{"line":147,"column":40},"end":{"line":153,"column":1}}},"12":{"name":"roundTo","decl":{"start":{"line":155,"column":16},"end":{"line":155,"column":23}},"loc":{"start":{"line":155,"column":53},"end":{"line":157,"column":1}}},"13":{"name":"sum","decl":{"start":{"line":159,"column":16},"end":{"line":159,"column":19}},"loc":{"start":{"line":159,"column":39},"end":{"line":161,"column":1}}},"14":{"name":"(anonymous_14)","decl":{"start":{"line":160,"column":23},"end":{"line":160,"column":24}},"loc":{"start":{"line":160,"column":46},"end":{"line":160,"column":64}}},"15":{"name":"sumNumberArrays","decl":{"start":{"line":163,"column":16},"end":{"line":163,"column":31}},"loc":{"start":{"line":163,"column":53},"end":{"line":178,"column":1}}},"16":{"name":"(anonymous_16)","decl":{"start":{"line":170,"column":19},"end":{"line":170,"column":24}},"loc":{"start":{"line":170,"column":27},"end":{"line":174,"column":5}}},"17":{"name":"transform","decl":{"start":{"line":181,"column":16},"end":{"line":181,"column":25}},"loc":{"start":{"line":185,"column":29},"end":{"line":198,"column":1}}},"18":{"name":"numberIsWithin","decl":{"start":{"line":213,"column":16},"end":{"line":213,"column":30}},"loc":{"start":{"line":217,"column":13},"end":{"line":257,"column":1}}},"19":{"name":"getRangeFromNumberOrRange","decl":{"start":{"line":259,"column":16},"end":{"line":259,"column":41}},"loc":{"start":{"line":259,"column":62},"end":{"line":263,"column":1}}},"20":{"name":"isNumberOrRange","decl":{"start":{"line":265,"column":16},"end":{"line":265,"column":31}},"loc":{"start":{"line":265,"column":42},"end":{"line":267,"column":1}}},"21":{"name":"isRangeArray","decl":{"start":{"line":269,"column":16},"end":{"line":269,"column":28}},"loc":{"start":{"line":269,"column":39},"end":{"line":275,"column":1}}},"22":{"name":"(anonymous_22)","decl":{"start":{"line":273,"column":19},"end":{"line":273,"column":25}},"loc":{"start":{"line":273,"column":29},"end":{"line":273,"column":55}}},"23":{"name":"orderRangeArray","decl":{"start":{"line":277,"column":16},"end":{"line":277,"column":31}},"loc":{"start":{"line":277,"column":49},"end":{"line":279,"column":1}}}},"branchMap":{"0":{"loc":{"start":{"line":13,"column":19},"end":{"line":13,"column":20}},"type":"default-arg","locations":[{"start":{"line":13,"column":19},"end":{"line":13,"column":20}}]},"1":{"loc":{"start":{"line":15,"column":20},"end":{"line":15,"column":36}},"type":"binary-expr","locations":[{"start":{"line":15,"column":20},"end":{"line":15,"column":36}},{"start":{"line":15,"column":40},"end":{"line":15,"column":41}}]},"2":{"loc":{"start":{"line":20,"column":6},"end":{"line":20,"column":36}},"type":"cond-expr","locations":[{"start":{"line":20,"column":6},"end":{"line":20,"column":36}},{"start":{"line":21,"column":6},"end":{"line":21,"column":24}}]},"3":{"loc":{"start":{"line":26,"column":2},"end":{"line":28,"column":null}},"type":"if","locations":[{"start":{"line":26,"column":2},"end":{"line":28,"column":null}},{"start":{"line":26,"column":2},"end":{"line":28,"column":null}}]},"4":{"loc":{"start":{"line":38,"column":2},"end":{"line":44,"column":null}},"type":"if","locations":[{"start":{"line":38,"column":2},"end":{"line":44,"column":null}},{"start":{"line":38,"column":2},"end":{"line":44,"column":null}}]},"5":{"loc":{"start":{"line":38,"column":6},"end":{"line":38,"column":27}},"type":"binary-expr","locations":[{"start":{"line":38,"column":6},"end":{"line":38,"column":27}},{"start":{"line":38,"column":31},"end":{"line":38,"column":52}}]},"6":{"loc":{"start":{"line":40,"column":9},"end":{"line":44,"column":null}},"type":"if","locations":[{"start":{"line":40,"column":9},"end":{"line":44,"column":null}},{"start":{"line":40,"column":9},"end":{"line":44,"column":null}}]},"7":{"loc":{"start":{"line":40,"column":13},"end":{"line":40,"column":31}},"type":"binary-expr","locations":[{"start":{"line":40,"column":13},"end":{"line":40,"column":31}},{"start":{"line":40,"column":35},"end":{"line":40,"column":59}}]},"8":{"loc":{"start":{"line":54,"column":28},"end":{"line":54,"column":29}},"type":"cond-expr","locations":[{"start":{"line":54,"column":28},"end":{"line":54,"column":29}},{"start":{"line":54,"column":32},"end":{"line":54,"column":46}}]},"9":{"loc":{"start":{"line":73,"column":2},"end":{"line":75,"column":null}},"type":"if","locations":[{"start":{"line":73,"column":2},"end":{"line":75,"column":null}},{"start":{"line":73,"column":2},"end":{"line":75,"column":null}}]},"10":{"loc":{"start":{"line":73,"column":6},"end":{"line":73,"column":15}},"type":"binary-expr","locations":[{"start":{"line":73,"column":6},"end":{"line":73,"column":15}},{"start":{"line":73,"column":19},"end":{"line":73,"column":28}}]},"11":{"loc":{"start":{"line":79,"column":2},"end":{"line":91,"column":null}},"type":"if","locations":[{"start":{"line":79,"column":2},"end":{"line":91,"column":null}},{"start":{"line":79,"column":2},"end":{"line":91,"column":null}}]},"12":{"loc":{"start":{"line":84,"column":23},"end":{"line":84,"column":26}},"type":"cond-expr","locations":[{"start":{"line":84,"column":23},"end":{"line":84,"column":26}},{"start":{"line":84,"column":29},"end":{"line":84,"column":30}}]},"13":{"loc":{"start":{"line":85,"column":9},"end":{"line":91,"column":null}},"type":"if","locations":[{"start":{"line":85,"column":9},"end":{"line":91,"column":null}},{"start":{"line":85,"column":9},"end":{"line":91,"column":null}}]},"14":{"loc":{"start":{"line":90,"column":23},"end":{"line":90,"column":26}},"type":"cond-expr","locations":[{"start":{"line":90,"column":23},"end":{"line":90,"column":26}},{"start":{"line":90,"column":29},"end":{"line":90,"column":30}}]},"15":{"loc":{"start":{"line":99,"column":6},"end":{"line":99,"column":7}},"type":"cond-expr","locations":[{"start":{"line":99,"column":6},"end":{"line":99,"column":7}},{"start":{"line":100,"column":6},"end":{"line":100,"column":44}}]},"16":{"loc":{"start":{"line":104,"column":9},"end":{"line":104,"column":25}},"type":"binary-expr","locations":[{"start":{"line":104,"column":9},"end":{"line":104,"column":25}},{"start":{"line":104,"column":29},"end":{"line":104,"column":30}}]},"17":{"loc":{"start":{"line":108,"column":2},"end":{"line":110,"column":null}},"type":"if","locations":[{"start":{"line":108,"column":2},"end":{"line":110,"column":null}},{"start":{"line":108,"column":2},"end":{"line":110,"column":null}}]},"18":{"loc":{"start":{"line":114,"column":2},"end":{"line":116,"column":null}},"type":"if","locations":[{"start":{"line":114,"column":2},"end":{"line":116,"column":null}},{"start":{"line":114,"column":2},"end":{"line":116,"column":null}}]},"19":{"loc":{"start":{"line":130,"column":19},"end":{"line":130,"column":24}},"type":"default-arg","locations":[{"start":{"line":130,"column":19},"end":{"line":130,"column":24}}]},"20":{"loc":{"start":{"line":131,"column":18},"end":{"line":131,"column":19}},"type":"default-arg","locations":[{"start":{"line":131,"column":18},"end":{"line":131,"column":19}}]},"21":{"loc":{"start":{"line":135,"column":2},"end":{"line":139,"column":null}},"type":"if","locations":[{"start":{"line":135,"column":2},"end":{"line":139,"column":null}},{"start":{"line":135,"column":2},"end":{"line":139,"column":null}}]},"22":{"loc":{"start":{"line":135,"column":6},"end":{"line":135,"column":20}},"type":"binary-expr","locations":[{"start":{"line":135,"column":6},"end":{"line":135,"column":20}},{"start":{"line":135,"column":24},"end":{"line":135,"column":38}}]},"23":{"loc":{"start":{"line":137,"column":8},"end":{"line":137,"column":37}},"type":"cond-expr","locations":[{"start":{"line":137,"column":8},"end":{"line":137,"column":37}},{"start":{"line":138,"column":8},"end":{"line":138,"column":48}}]},"24":{"loc":{"start":{"line":148,"column":2},"end":{"line":150,"column":null}},"type":"if","locations":[{"start":{"line":148,"column":2},"end":{"line":150,"column":null}},{"start":{"line":148,"column":2},"end":{"line":150,"column":null}}]},"25":{"loc":{"start":{"line":155,"column":52},"end":{"line":155,"column":53}},"type":"default-arg","locations":[{"start":{"line":155,"column":52},"end":{"line":155,"column":53}}]},"26":{"loc":{"start":{"line":171,"column":6},"end":{"line":173,"column":null}},"type":"if","locations":[{"start":{"line":171,"column":6},"end":{"line":173,"column":null}},{"start":{"line":171,"column":6},"end":{"line":173,"column":null}}]},"27":{"loc":{"start":{"line":185,"column":25},"end":{"line":185,"column":29}},"type":"default-arg","locations":[{"start":{"line":185,"column":25},"end":{"line":185,"column":29}}]},"28":{"loc":{"start":{"line":193,"column":2},"end":{"line":195,"column":null}},"type":"if","locations":[{"start":{"line":193,"column":2},"end":{"line":195,"column":null}},{"start":{"line":193,"column":2},"end":{"line":195,"column":null}}]},"29":{"loc":{"start":{"line":223,"column":2},"end":{"line":250,"column":null}},"type":"if","locations":[{"start":{"line":223,"column":2},"end":{"line":250,"column":null}},{"start":{"line":223,"column":2},"end":{"line":250,"column":null}}]},"30":{"loc":{"start":{"line":224,"column":7},"end":{"line":224,"column":28}},"type":"binary-expr","locations":[{"start":{"line":224,"column":7},"end":{"line":224,"column":28}},{"start":{"line":225,"column":7},"end":{"line":225,"column":28}},{"start":{"line":227,"column":9},"end":{"line":227,"column":31}},{"start":{"line":228,"column":9},"end":{"line":228,"column":33}}]},"31":{"loc":{"start":{"line":231,"column":4},"end":{"line":233,"column":null}},"type":"if","locations":[{"start":{"line":231,"column":4},"end":{"line":233,"column":null}},{"start":{"line":231,"column":4},"end":{"line":233,"column":null}}]},"32":{"loc":{"start":{"line":236,"column":9},"end":{"line":250,"column":null}},"type":"if","locations":[{"start":{"line":236,"column":9},"end":{"line":250,"column":null}},{"start":{"line":236,"column":9},"end":{"line":250,"column":null}}]},"33":{"loc":{"start":{"line":237,"column":4},"end":{"line":237,"column":22}},"type":"binary-expr","locations":[{"start":{"line":237,"column":4},"end":{"line":237,"column":22}},{"start":{"line":239,"column":9},"end":{"line":239,"column":31}},{"start":{"line":240,"column":9},"end":{"line":240,"column":33}}]},"34":{"loc":{"start":{"line":243,"column":4},"end":{"line":245,"column":null}},"type":"if","locations":[{"start":{"line":243,"column":4},"end":{"line":245,"column":null}},{"start":{"line":243,"column":4},"end":{"line":245,"column":null}}]},"35":{"loc":{"start":{"line":255,"column":6},"end":{"line":255,"column":32}},"type":"cond-expr","locations":[{"start":{"line":255,"column":6},"end":{"line":255,"column":32}},{"start":{"line":256,"column":6},"end":{"line":256,"column":34}}]},"36":{"loc":{"start":{"line":255,"column":6},"end":{"line":255,"column":17}},"type":"binary-expr","locations":[{"start":{"line":255,"column":6},"end":{"line":255,"column":17}},{"start":{"line":255,"column":21},"end":{"line":255,"column":32}}]},"37":{"loc":{"start":{"line":256,"column":6},"end":{"line":256,"column":18}},"type":"binary-expr","locations":[{"start":{"line":256,"column":6},"end":{"line":256,"column":18}},{"start":{"line":256,"column":22},"end":{"line":256,"column":34}}]},"38":{"loc":{"start":{"line":261,"column":6},"end":{"line":261,"column":16}},"type":"cond-expr","locations":[{"start":{"line":261,"column":6},"end":{"line":261,"column":16}},{"start":{"line":262,"column":6},"end":{"line":262,"column":26}}]},"39":{"loc":{"start":{"line":266,"column":9},"end":{"line":266,"column":34}},"type":"binary-expr","locations":[{"start":{"line":266,"column":9},"end":{"line":266,"column":34}},{"start":{"line":266,"column":38},"end":{"line":266,"column":57}}]},"40":{"loc":{"start":{"line":271,"column":4},"end":{"line":271,"column":24}},"type":"binary-expr","locations":[{"start":{"line":271,"column":4},"end":{"line":271,"column":24}},{"start":{"line":272,"column":7},"end":{"line":272,"column":25}},{"start":{"line":273,"column":7},"end":{"line":273,"column":56}}]}},"s":{"0":3,"1":3,"2":3,"3":3,"4":3,"5":3,"6":3,"7":3,"8":0,"9":0,"10":0,"11":3,"12":0,"13":0,"14":0,"15":0,"16":0,"17":0,"18":0,"19":3,"20":0,"21":0,"22":3,"23":0,"24":3,"25":0,"26":0,"27":0,"28":0,"29":0,"30":0,"31":0,"32":0,"33":0,"34":0,"35":0,"36":0,"37":0,"38":0,"39":3,"40":0,"41":3,"42":0,"43":3,"44":0,"45":0,"46":0,"47":0,"48":0,"49":0,"50":0,"51":0,"52":3,"53":0,"54":3,"55":0,"56":0,"57":0,"58":0,"59":3,"60":0,"61":0,"62":0,"63":3,"64":0,"65":3,"66":0,"67":0,"68":3,"69":0,"70":0,"71":0,"72":0,"73":0,"74":0,"75":0,"76":0,"77":0,"78":3,"79":0,"80":0,"81":0,"82":0,"83":0,"84":0,"85":3,"86":0,"87":0,"88":0,"89":0,"90":0,"91":0,"92":0,"93":0,"94":0,"95":0,"96":0,"97":0,"98":3,"99":0,"100":3,"101":0,"102":3,"103":0,"104":0,"105":3,"106":0,"107":3},"f":{"0":3,"1":0,"2":0,"3":0,"4":0,"5":0,"6":0,"7":0,"8":0,"9":0,"10":0,"11":0,"12":0,"13":0,"14":0,"15":0,"16":0,"17":0,"18":0,"19":0,"20":0,"21":0,"22":0,"23":0},"b":{"0":[3],"1":[3,0],"2":[1,2],"3":[0,0],"4":[0,0],"5":[0,0],"6":[0,0],"7":[0,0],"8":[0,0],"9":[0,0],"10":[0,0],"11":[0,0],"12":[0,0],"13":[0,0],"14":[0,0],"15":[0,0],"16":[0,0],"17":[0,0],"18":[0,0],"19":[0],"20":[0],"21":[0,0],"22":[0,0],"23":[0,0],"24":[0,0],"25":[0],"26":[0,0],"27":[0],"28":[0,0],"29":[0,0],"30":[0,0,0,0],"31":[0,0],"32":[0,0],"33":[0,0,0],"34":[0,0],"35":[0,0],"36":[0,0],"37":[0,0],"38":[0,0],"39":[0,0],"40":[0,0,0]}}
,"/Users/andrewprasetya/Desktop/piko/lib/piko.ts": {"path":"/Users/andrewprasetya/Desktop/piko/lib/piko.ts","statementMap":{"0":{"start":{"line":2,"column":0},"end":{"line":2,"column":25}},"1":{"start":{"line":3,"column":0},"end":{"line":3,"column":25}},"2":{"start":{"line":4,"column":0},"end":{"line":4,"column":25}},"3":{"start":{"line":5,"column":0},"end":{"line":5,"column":26}}},"fnMap":{},"branchMap":{},"s":{"0":3,"1":3,"2":3,"3":3},"f":{},"b":{}}
,"/Users/andrewprasetya/Desktop/piko/lib/shared.ts": {"path":"/Users/andrewprasetya/Desktop/piko/lib/shared.ts","statementMap":{"0":{"start":{"line":2,"column":18},"end":{"line":2,"column":32}},"1":{"start":{"line":3,"column":19},"end":{"line":3,"column":34}},"2":{"start":{"line":4,"column":2},"end":{"line":4,"column":72}},"3":{"start":{"line":1,"column":0},"end":{"line":1,"column":16}},"4":{"start":{"line":8,"column":2},"end":{"line":8,"column":56}},"5":{"start":{"line":8,"column":41},"end":{"line":8,"column":53}},"6":{"start":{"line":7,"column":0},"end":{"line":7,"column":16}}},"fnMap":{"0":{"name":"getRandomInteger","decl":{"start":{"line":1,"column":16},"end":{"line":1,"column":32}},"loc":{"start":{"line":1,"column":57},"end":{"line":5,"column":1}}},"1":{"name":"getMaxArraysLength","decl":{"start":{"line":7,"column":16},"end":{"line":7,"column":34}},"loc":{"start":{"line":7,"column":57},"end":{"line":9,"column":1}}},"2":{"name":"(anonymous_2)","decl":{"start":{"line":8,"column":32},"end":{"line":8,"column":37}},"loc":{"start":{"line":8,"column":41},"end":{"line":8,"column":53}}}},"branchMap":{},"s":{"0":0,"1":0,"2":0,"3":3,"4":0,"5":0,"6":3},"f":{"0":0,"1":0,"2":0},"b":{}}
,"/Users/andrewprasetya/Desktop/piko/lib/string.ts": {"path":"/Users/andrewprasetya/Desktop/piko/lib/string.ts","statementMap":{"0":{"start":{"line":4,"column":2},"end":{"line":4,"column":54}},"1":{"start":{"line":4,"column":31},"end":{"line":4,"column":52}},"2":{"start":{"line":3,"column":0},"end":{"line":3,"column":16}},"3":{"start":{"line":8,"column":2},"end":{"line":11,"column":5}},"4":{"start":{"line":9,"column":4},"end":{"line":10,"column":61}},"5":{"start":{"line":7,"column":0},"end":{"line":7,"column":16}},"6":{"start":{"line":15,"column":2},"end":{"line":18,"column":5}},"7":{"start":{"line":16,"column":4},"end":{"line":17,"column":61}},"8":{"start":{"line":14,"column":0},"end":{"line":14,"column":16}},"9":{"start":{"line":22,"column":2},"end":{"line":28,"column":null}},"10":{"start":{"line":23,"column":4},"end":{"line":27,"column":7}},"11":{"start":{"line":24,"column":6},"end":{"line":26,"column":22}},"12":{"start":{"line":30,"column":2},"end":{"line":30,"column":14}},"13":{"start":{"line":21,"column":0},"end":{"line":21,"column":16}},"14":{"start":{"line":34,"column":2},"end":{"line":34,"column":58}},"15":{"start":{"line":33,"column":0},"end":{"line":33,"column":16}},"16":{"start":{"line":38,"column":16},"end":{"line":38,"column":35}},"17":{"start":{"line":40,"column":2},"end":{"line":42,"column":null}},"18":{"start":{"line":41,"column":4},"end":{"line":41,"column":16}},"19":{"start":{"line":44,"column":2},"end":{"line":46,"column":null}},"20":{"start":{"line":45,"column":4},"end":{"line":45,"column":20}},"21":{"start":{"line":48,"column":2},"end":{"line":48,"column":15}},"22":{"start":{"line":37,"column":0},"end":{"line":37,"column":16}},"23":{"start":{"line":53,"column":2},"end":{"line":53,"column":39}},"24":{"start":{"line":52,"column":0},"end":{"line":52,"column":16}},"25":{"start":{"line":57,"column":2},"end":{"line":57,"column":40}},"26":{"start":{"line":56,"column":0},"end":{"line":56,"column":16}},"27":{"start":{"line":61,"column":2},"end":{"line":61,"column":38}},"28":{"start":{"line":60,"column":0},"end":{"line":60,"column":16}},"29":{"start":{"line":82,"column":23},"end":{"line":82,"column":29}},"30":{"start":{"line":84,"column":2},"end":{"line":90,"column":null}},"31":{"start":{"line":85,"column":4},"end":{"line":87,"column":7}},"32":{"start":{"line":86,"column":6},"end":{"line":86,"column":62}},"33":{"start":{"line":88,"column":9},"end":{"line":90,"column":null}},"34":{"start":{"line":89,"column":4},"end":{"line":89,"column":61}},"35":{"start":{"line":92,"column":2},"end":{"line":92,"column":16}},"36":{"start":{"line":77,"column":0},"end":{"line":77,"column":16}},"37":{"start":{"line":96,"column":2},"end":{"line":96,"column":58}},"38":{"start":{"line":95,"column":0},"end":{"line":95,"column":16}},"39":{"start":{"line":100,"column":2},"end":{"line":100,"column":62}},"40":{"start":{"line":99,"column":0},"end":{"line":99,"column":16}},"41":{"start":{"line":104,"column":2},"end":{"line":107,"column":4}},"42":{"start":{"line":106,"column":29},"end":{"line":106,"column":53}},"43":{"start":{"line":103,"column":0},"end":{"line":103,"column":16}}},"fnMap":{"0":{"name":"hasUppercaseLetter","decl":{"start":{"line":3,"column":16},"end":{"line":3,"column":34}},"loc":{"start":{"line":3,"column":54},"end":{"line":5,"column":1}}},"1":{"name":"(anonymous_1)","decl":{"start":{"line":4,"column":22},"end":{"line":4,"column":27}},"loc":{"start":{"line":4,"column":31},"end":{"line":4,"column":52}}},"2":{"name":"isKebabCase","decl":{"start":{"line":7,"column":16},"end":{"line":7,"column":27}},"loc":{"start":{"line":7,"column":47},"end":{"line":12,"column":1}}},"3":{"name":"(anonymous_3)","decl":{"start":{"line":8,"column":22},"end":{"line":8,"column":27}},"loc":{"start":{"line":9,"column":4},"end":{"line":10,"column":61}}},"4":{"name":"isSnakeCase","decl":{"start":{"line":14,"column":16},"end":{"line":14,"column":27}},"loc":{"start":{"line":14,"column":47},"end":{"line":19,"column":1}}},"5":{"name":"(anonymous_5)","decl":{"start":{"line":15,"column":22},"end":{"line":15,"column":27}},"loc":{"start":{"line":16,"column":4},"end":{"line":17,"column":61}}},"6":{"name":"kebabCaseToCamelCase","decl":{"start":{"line":21,"column":16},"end":{"line":21,"column":36}},"loc":{"start":{"line":21,"column":49},"end":{"line":31,"column":1}}},"7":{"name":"(anonymous_7)","decl":{"start":{"line":23,"column":41},"end":{"line":23,"column":46}},"loc":{"start":{"line":24,"column":6},"end":{"line":26,"column":22}}},"8":{"name":"lowercaseFirstLetter","decl":{"start":{"line":33,"column":16},"end":{"line":33,"column":36}},"loc":{"start":{"line":33,"column":51},"end":{"line":35,"column":1}}},"9":{"name":"match","decl":{"start":{"line":37,"column":16},"end":{"line":37,"column":21}},"loc":{"start":{"line":37,"column":51},"end":{"line":49,"column":1}}},"10":{"name":"removeExtraWhitespaces","decl":{"start":{"line":52,"column":16},"end":{"line":52,"column":38}},"loc":{"start":{"line":52,"column":53},"end":{"line":54,"column":1}}},"11":{"name":"removeNewLines","decl":{"start":{"line":56,"column":16},"end":{"line":56,"column":30}},"loc":{"start":{"line":56,"column":45},"end":{"line":58,"column":1}}},"12":{"name":"removeTabs","decl":{"start":{"line":60,"column":16},"end":{"line":60,"column":26}},"loc":{"start":{"line":60,"column":41},"end":{"line":62,"column":1}}},"13":{"name":"replace","decl":{"start":{"line":77,"column":16},"end":{"line":77,"column":23}},"loc":{"start":{"line":80,"column":37},"end":{"line":93,"column":1}}},"14":{"name":"(anonymous_14)","decl":{"start":{"line":85,"column":21},"end":{"line":85,"column":28}},"loc":{"start":{"line":85,"column":31},"end":{"line":87,"column":5}}},"15":{"name":"uppercaseFirstLetter","decl":{"start":{"line":95,"column":16},"end":{"line":95,"column":36}},"loc":{"start":{"line":95,"column":51},"end":{"line":97,"column":1}}},"16":{"name":"isStringOrRegExp","decl":{"start":{"line":99,"column":16},"end":{"line":99,"column":32}},"loc":{"start":{"line":99,"column":43},"end":{"line":101,"column":1}}},"17":{"name":"isStringOrRegExpArray","decl":{"start":{"line":103,"column":16},"end":{"line":103,"column":37}},"loc":{"start":{"line":103,"column":48},"end":{"line":108,"column":1}}},"18":{"name":"(anonymous_18)","decl":{"start":{"line":106,"column":19},"end":{"line":106,"column":25}},"loc":{"start":{"line":106,"column":29},"end":{"line":106,"column":53}}}},"branchMap":{"0":{"loc":{"start":{"line":9,"column":4},"end":{"line":9,"column":39}},"type":"binary-expr","locations":[{"start":{"line":9,"column":4},"end":{"line":9,"column":39}},{"start":{"line":10,"column":7},"end":{"line":10,"column":61}}]},"1":{"loc":{"start":{"line":16,"column":4},"end":{"line":16,"column":39}},"type":"binary-expr","locations":[{"start":{"line":16,"column":4},"end":{"line":16,"column":39}},{"start":{"line":17,"column":7},"end":{"line":17,"column":61}}]},"2":{"loc":{"start":{"line":22,"column":2},"end":{"line":28,"column":null}},"type":"if","locations":[{"start":{"line":22,"column":2},"end":{"line":28,"column":null}},{"start":{"line":22,"column":2},"end":{"line":28,"column":null}}]},"3":{"loc":{"start":{"line":40,"column":2},"end":{"line":42,"column":null}},"type":"if","locations":[{"start":{"line":40,"column":2},"end":{"line":42,"column":null}},{"start":{"line":40,"column":2},"end":{"line":42,"column":null}}]},"4":{"loc":{"start":{"line":44,"column":2},"end":{"line":46,"column":null}},"type":"if","locations":[{"start":{"line":44,"column":2},"end":{"line":46,"column":null}},{"start":{"line":44,"column":2},"end":{"line":46,"column":null}}]},"5":{"loc":{"start":{"line":80,"column":35},"end":{"line":80,"column":37}},"type":"default-arg","locations":[{"start":{"line":80,"column":35},"end":{"line":80,"column":37}}]},"6":{"loc":{"start":{"line":84,"column":2},"end":{"line":90,"column":null}},"type":"if","locations":[{"start":{"line":84,"column":2},"end":{"line":90,"column":null}},{"start":{"line":84,"column":2},"end":{"line":90,"column":null}}]},"7":{"loc":{"start":{"line":88,"column":9},"end":{"line":90,"column":null}},"type":"if","locations":[{"start":{"line":88,"column":9},"end":{"line":90,"column":null}},{"start":{"line":88,"column":9},"end":{"line":90,"column":null}}]},"8":{"loc":{"start":{"line":100,"column":9},"end":{"line":100,"column":34}},"type":"binary-expr","locations":[{"start":{"line":100,"column":9},"end":{"line":100,"column":34}},{"start":{"line":100,"column":38},"end":{"line":100,"column":61}}]},"9":{"loc":{"start":{"line":105,"column":4},"end":{"line":105,"column":24}},"type":"binary-expr","locations":[{"start":{"line":105,"column":4},"end":{"line":105,"column":24}},{"start":{"line":106,"column":7},"end":{"line":106,"column":54}}]}},"s":{"0":15,"1":16,"2":3,"3":9,"4":10,"5":3,"6":0,"7":0,"8":3,"9":0,"10":0,"11":0,"12":0,"13":3,"14":0,"15":3,"16":0,"17":0,"18":0,"19":0,"20":0,"21":0,"22":3,"23":0,"24":3,"25":0,"26":3,"27":0,"28":3,"29":0,"30":0,"31":0,"32":0,"33":0,"34":0,"35":0,"36":3,"37":0,"38":3,"39":0,"40":3,"41":0,"42":0,"43":3},"f":{"0":15,"1":16,"2":9,"3":10,"4":0,"5":0,"6":0,"7":0,"8":0,"9":0,"10":0,"11":0,"12":0,"13":0,"14":0,"15":0,"16":0,"17":0,"18":0},"b":{"0":[10,8],"1":[0,0],"2":[0,0],"3":[0,0],"4":[0,0],"5":[0],"6":[0,0],"7":[0,0],"8":[0,0],"9":[0,0]}}
}
