TN:
SF:lib/general.ts
FN:6,compose
FN:7,(anonymous_1)
FN:7,(anonymous_2)
FN:12,composeRight
FN:13,(anonymous_4)
FN:13,(anonymous_5)
FN:17,pipe
FN:18,(anonymous_7)
FN:18,(anonymous_8)
FN:21,curry
FN:22,currify
FN:29,unary
FN:30,(anonymous_12)
FN:42,cycleArray
FN:63,cycleArrayNext
FN:66,(anonymous_15)
FN:92,debounce
FN:97,(anonymous_17)
FN:101,(anonymous_18)
FN:107,delay
FN:108,(anonymous_20)
FN:110,(anonymous_21)
FN:119,fillArraysToLargestLength
FN:122,(anonymous_23)
FN:132,getMinArraysLength
FN:133,(anonymous_25)
FN:136,isEmptyObject
FN:140,isObject
FN:144,isPromise
FN:149,(anonymous_29)
FN:167,memo
FN:168,(anonymous_31)
FN:183,promiseChain
FN:184,(anonymous_33)
FN:187,(anonymous_34)
FN:192,(anonymous_35)
FN:193,(anonymous_36)
FN:201,promiseEach
FN:207,(anonymous_38)
FN:208,(anonymous_39)
FN:214,randomChoice
FN:218,sleep
FN:219,(anonymous_42)
FN:219,(anonymous_43)
FN:222,throttle
FN:228,(anonymous_45)
FN:235,(anonymous_46)
FN:249,truthChain
FNF:48
FNH:14
FNDA:2,compose
FNDA:2,(anonymous_1)
FNDA:4,(anonymous_2)
FNDA:2,composeRight
FNDA:2,(anonymous_4)
FNDA:4,(anonymous_5)
FNDA:2,pipe
FNDA:2,(anonymous_7)
FNDA:4,(anonymous_8)
FNDA:1,curry
FNDA:4,currify
FNDA:1,unary
FNDA:1,(anonymous_12)
FNDA:5,cycleArray
FNDA:0,cycleArrayNext
FNDA:0,(anonymous_15)
FNDA:0,debounce
FNDA:0,(anonymous_17)
FNDA:0,(anonymous_18)
FNDA:0,delay
FNDA:0,(anonymous_20)
FNDA:0,(anonymous_21)
FNDA:0,fillArraysToLargestLength
FNDA:0,(anonymous_23)
FNDA:0,getMinArraysLength
FNDA:0,(anonymous_25)
FNDA:0,isEmptyObject
FNDA:0,isObject
FNDA:0,isPromise
FNDA:0,(anonymous_29)
FNDA:0,memo
FNDA:0,(anonymous_31)
FNDA:0,promiseChain
FNDA:0,(anonymous_33)
FNDA:0,(anonymous_34)
FNDA:0,(anonymous_35)
FNDA:0,(anonymous_36)
FNDA:0,promiseEach
FNDA:0,(anonymous_38)
FNDA:0,(anonymous_39)
FNDA:0,randomChoice
FNDA:0,sleep
FNDA:0,(anonymous_42)
FNDA:0,(anonymous_43)
FNDA:0,throttle
FNDA:0,(anonymous_45)
FNDA:0,(anonymous_46)
FNDA:0,truthChain
DA:1,3
DA:6,3
DA:7,4
DA:12,3
DA:13,4
DA:17,3
DA:18,4
DA:21,3
DA:22,1
DA:23,4
DA:29,3
DA:30,1
DA:42,3
DA:43,5
DA:45,5
DA:46,1
DA:48,1
DA:53,5
DA:63,3
DA:64,0
DA:66,0
DA:67,0
DA:69,0
DA:70,0
DA:73,0
DA:92,3
DA:95,0
DA:97,0
DA:98,0
DA:100,0
DA:101,0
DA:107,3
DA:108,0
DA:109,0
DA:111,0
DA:112,0
DA:119,3
DA:120,0
DA:122,0
DA:123,0
DA:124,0
DA:128,0
DA:132,3
DA:133,0
DA:136,3
DA:137,0
DA:140,3
DA:141,0
DA:144,3
DA:145,0
DA:146,0
DA:149,0
DA:150,0
DA:156,0
DA:157,0
DA:159,0
DA:160,0
DA:164,0
DA:167,3
DA:168,0
DA:169,0
DA:171,0
DA:172,0
DA:175,0
DA:177,0
DA:179,0
DA:183,3
DA:184,0
DA:185,0
DA:187,0
DA:188,0
DA:190,0
DA:192,0
DA:193,0
DA:197,0
DA:201,3
DA:202,0
DA:203,0
DA:206,0
DA:208,0
DA:214,3
DA:215,0
DA:218,3
DA:219,0
DA:222,3
DA:226,0
DA:228,0
DA:229,0
DA:231,0
DA:232,0
DA:234,0
DA:236,0
DA:237,0
DA:242,0
DA:244,0
DA:249,3
DA:250,0
DA:252,0
DA:253,0
DA:254,0
DA:255,0
DA:259,0
LF:102
LH:33
BRDA:24,0,0,1
BRDA:24,0,1,3
BRDA:45,1,0,1
BRDA:45,1,1,4
BRDA:49,2,0,0
BRDA:49,2,1,1
BRDA:69,3,0,0
BRDA:69,3,1,0
BRDA:137,4,0,0
BRDA:137,4,1,0
BRDA:141,5,0,0
BRDA:141,5,1,0
BRDA:145,6,0,0
BRDA:145,6,1,0
BRDA:150,7,0,0
BRDA:150,7,1,0
BRDA:150,7,2,0
BRDA:150,7,3,0
BRDA:159,8,0,0
BRDA:159,8,1,0
BRDA:171,9,0,0
BRDA:171,9,1,0
BRDA:191,10,0,0
BRDA:191,10,1,0
BRDA:202,11,0,0
BRDA:202,11,1,0
BRDA:231,12,0,0
BRDA:231,12,1,0
BRDA:231,13,0,0
BRDA:231,13,1,0
BRDA:253,14,0,0
BRDA:253,14,1,0
BRF:32
BRH:5
end_of_record
TN:
SF:lib/number.ts
FN:10,snapToInterval
FN:25,average
FN:35,clamp
FN:51,countDigits
FN:57,cubicBezier
FN:66,cycleNumber
FN:97,getEuclideanDistance
FN:103,getSign
FN:107,hypotenuse
FN:124,lerp
FN:128,randomNumber
FN:147,reciprocal
FN:155,roundTo
FN:159,sum
FN:160,(anonymous_14)
FN:163,sumNumberArrays
FN:170,(anonymous_16)
FN:181,transform
FN:213,numberIsWithin
FN:259,getRangeFromNumberOrRange
FN:265,isNumberOrRange
FN:269,isRangeArray
FN:273,(anonymous_22)
FN:277,orderRangeArray
FNF:24
FNH:1
FNDA:3,snapToInterval
FNDA:0,average
FNDA:0,clamp
FNDA:0,countDigits
FNDA:0,cubicBezier
FNDA:0,cycleNumber
FNDA:0,getEuclideanDistance
FNDA:0,getSign
FNDA:0,hypotenuse
FNDA:0,lerp
FNDA:0,randomNumber
FNDA:0,reciprocal
FNDA:0,roundTo
FNDA:0,sum
FNDA:0,(anonymous_14)
FNDA:0,sumNumberArrays
FNDA:0,(anonymous_16)
FNDA:0,transform
FNDA:0,numberIsWithin
FNDA:0,getRangeFromNumberOrRange
FNDA:0,isNumberOrRange
FNDA:0,isRangeArray
FNDA:0,(anonymous_22)
FNDA:0,orderRangeArray
DA:6,3
DA:10,3
DA:15,3
DA:16,3
DA:17,3
DA:18,3
DA:19,3
DA:22,3
DA:25,3
DA:26,0
DA:27,0
DA:30,0
DA:35,3
DA:38,0
DA:39,0
DA:40,0
DA:41,0
DA:43,0
DA:46,0
DA:48,0
DA:51,3
DA:52,0
DA:54,0
DA:57,3
DA:58,0
DA:66,3
DA:70,0
DA:71,0
DA:73,0
DA:74,0
DA:77,0
DA:79,0
DA:80,0
DA:82,0
DA:84,0
DA:85,0
DA:86,0
DA:88,0
DA:90,0
DA:93,0
DA:97,3
DA:98,0
DA:103,3
DA:104,0
DA:107,3
DA:108,0
DA:109,0
DA:112,0
DA:114,0
DA:115,0
DA:118,0
DA:119,0
DA:121,0
DA:124,3
DA:125,0
DA:128,3
DA:133,0
DA:135,0
DA:136,0
DA:141,0
DA:147,3
DA:148,0
DA:149,0
DA:152,0
DA:155,3
DA:156,0
DA:159,3
DA:160,0
DA:163,3
DA:164,0
DA:166,0
DA:168,0
DA:169,0
DA:170,0
DA:171,0
DA:172,0
DA:177,0
DA:181,3
DA:187,0
DA:188,0
DA:191,0
DA:193,0
DA:194,0
DA:197,0
DA:213,3
DA:221,0
DA:223,0
DA:231,0
DA:232,0
DA:235,0
DA:236,0
DA:243,0
DA:244,0
DA:247,0
DA:249,0
DA:252,0
DA:254,0
DA:259,3
DA:260,0
DA:265,3
DA:266,0
DA:269,3
DA:270,0
DA:273,0
DA:277,3
DA:278,0
LF:106
LH:28
BRDA:13,0,0,3
BRDA:15,1,0,3
BRDA:15,1,1,0
BRDA:20,2,0,1
BRDA:20,2,1,2
BRDA:26,3,0,0
BRDA:26,3,1,0
BRDA:38,4,0,0
BRDA:38,4,1,0
BRDA:38,5,0,0
BRDA:38,5,1,0
BRDA:40,6,0,0
BRDA:40,6,1,0
BRDA:40,7,0,0
BRDA:40,7,1,0
BRDA:54,8,0,0
BRDA:54,8,1,0
BRDA:73,9,0,0
BRDA:73,9,1,0
BRDA:73,10,0,0
BRDA:73,10,1,0
BRDA:79,11,0,0
BRDA:79,11,1,0
BRDA:84,12,0,0
BRDA:84,12,1,0
BRDA:85,13,0,0
BRDA:85,13,1,0
BRDA:90,14,0,0
BRDA:90,14,1,0
BRDA:99,15,0,0
BRDA:99,15,1,0
BRDA:104,16,0,0
BRDA:104,16,1,0
BRDA:108,17,0,0
BRDA:108,17,1,0
BRDA:114,18,0,0
BRDA:114,18,1,0
BRDA:130,19,0,0
BRDA:131,20,0,0
BRDA:135,21,0,0
BRDA:135,21,1,0
BRDA:135,22,0,0
BRDA:135,22,1,0
BRDA:137,23,0,0
BRDA:137,23,1,0
BRDA:148,24,0,0
BRDA:148,24,1,0
BRDA:155,25,0,0
BRDA:171,26,0,0
BRDA:171,26,1,0
BRDA:185,27,0,0
BRDA:193,28,0,0
BRDA:193,28,1,0
BRDA:223,29,0,0
BRDA:223,29,1,0
BRDA:224,30,0,0
BRDA:224,30,1,0
BRDA:224,30,2,0
BRDA:224,30,3,0
BRDA:231,31,0,0
BRDA:231,31,1,0
BRDA:236,32,0,0
BRDA:236,32,1,0
BRDA:237,33,0,0
BRDA:237,33,1,0
BRDA:237,33,2,0
BRDA:243,34,0,0
BRDA:243,34,1,0
BRDA:255,35,0,0
BRDA:255,35,1,0
BRDA:255,36,0,0
BRDA:255,36,1,0
BRDA:256,37,0,0
BRDA:256,37,1,0
BRDA:261,38,0,0
BRDA:261,38,1,0
BRDA:266,39,0,0
BRDA:266,39,1,0
BRDA:271,40,0,0
BRDA:271,40,1,0
BRDA:271,40,2,0
BRF:81
BRH:4
end_of_record
TN:
SF:lib/piko.ts
FNF:0
FNH:0
DA:2,3
DA:3,3
DA:4,3
DA:5,3
LF:4
LH:4
BRF:0
BRH:0
end_of_record
TN:
SF:lib/shared.ts
FN:1,getRandomInteger
FN:7,getMaxArraysLength
FN:8,(anonymous_2)
FNF:3
FNH:0
FNDA:0,getRandomInteger
FNDA:0,getMaxArraysLength
FNDA:0,(anonymous_2)
DA:1,3
DA:2,0
DA:3,0
DA:4,0
DA:7,3
DA:8,0
LF:6
LH:2
BRF:0
BRH:0
end_of_record
TN:
SF:lib/string.ts
FN:3,hasUppercaseLetter
FN:4,(anonymous_1)
FN:7,isKebabCase
FN:8,(anonymous_3)
FN:14,isSnakeCase
FN:15,(anonymous_5)
FN:21,kebabCaseToCamelCase
FN:23,(anonymous_7)
FN:33,lowercaseFirstLetter
FN:37,match
FN:52,removeExtraWhitespaces
FN:56,removeNewLines
FN:60,removeTabs
FN:77,replace
FN:85,(anonymous_14)
FN:95,uppercaseFirstLetter
FN:99,isStringOrRegExp
FN:103,isStringOrRegExpArray
FN:106,(anonymous_18)
FNF:19
FNH:4
FNDA:15,hasUppercaseLetter
FNDA:16,(anonymous_1)
FNDA:9,isKebabCase
FNDA:10,(anonymous_3)
FNDA:0,isSnakeCase
FNDA:0,(anonymous_5)
FNDA:0,kebabCaseToCamelCase
FNDA:0,(anonymous_7)
FNDA:0,lowercaseFirstLetter
FNDA:0,match
FNDA:0,removeExtraWhitespaces
FNDA:0,removeNewLines
FNDA:0,removeTabs
FNDA:0,replace
FNDA:0,(anonymous_14)
FNDA:0,uppercaseFirstLetter
FNDA:0,isStringOrRegExp
FNDA:0,isStringOrRegExpArray
FNDA:0,(anonymous_18)
DA:3,3
DA:4,16
DA:7,3
DA:8,9
DA:9,10
DA:14,3
DA:15,0
DA:16,0
DA:21,3
DA:22,0
DA:23,0
DA:24,0
DA:30,0
DA:33,3
DA:34,0
DA:37,3
DA:38,0
DA:40,0
DA:41,0
DA:44,0
DA:45,0
DA:48,0
DA:52,3
DA:53,0
DA:56,3
DA:57,0
DA:60,3
DA:61,0
DA:77,3
DA:82,0
DA:84,0
DA:85,0
DA:86,0
DA:88,0
DA:89,0
DA:92,0
DA:95,3
DA:96,0
DA:99,3
DA:100,0
DA:103,3
DA:104,0
DA:106,0
LF:43
LH:16
BRDA:9,0,0,10
BRDA:9,0,1,8
BRDA:16,1,0,0
BRDA:16,1,1,0
BRDA:22,2,0,0
BRDA:22,2,1,0
BRDA:40,3,0,0
BRDA:40,3,1,0
BRDA:44,4,0,0
BRDA:44,4,1,0
BRDA:80,5,0,0
BRDA:84,6,0,0
BRDA:84,6,1,0
BRDA:88,7,0,0
BRDA:88,7,1,0
BRDA:100,8,0,0
BRDA:100,8,1,0
BRDA:105,9,0,0
BRDA:105,9,1,0
BRF:19
BRH:2
end_of_record
